<?xml version="1.0" encoding="UTF-8"?>
<!-- Generated by org.testng.reporters.JUnitReportReporter -->
<testsuite skipped="0" hostname="GRID_PC" name="org.lessonHW16.TestTwo" tests="1" failures="0" timestamp="2022-01-11T18:03:04 EET" time="0.005" errors="0">
  <testcase name="testCase4" time="0.005" classname="org.lessonHW16.TestTwo"/>
  <system-out/>
</testsuite> <!-- org.lessonHW16.TestTwo -->
