<?xml version="1.0" encoding="UTF-8"?>
<!-- Generated by org.testng.reporters.JUnitReportReporter -->
<testsuite skipped="0" hostname="GRID_PC" name="org.lessonHW16.TestThree" tests="1" failures="0" timestamp="2022-01-11T18:03:04 EET" time="0.001" errors="0">
  <testcase name="testCase7" time="0.001" classname="org.lessonHW16.TestThree"/>
  <system-out/>
</testsuite> <!-- org.lessonHW16.TestThree -->
